Build started 04/11/2015 23:42:08.
     1>Project "C:\Users\Eduardo\Desktop\Jagger\trunk\HomeAutoIno\VS\HomeAutoIno\HomeAutoIno.vcxproj" on node 2 (Build target(s)).
     1>ClCompile:
         C:\Program Files (x86)\Microsoft Visual Studio 14.0\VC\bin\CL.exe /c /I"C:\BKPEGS\arduino-1.0.1\hardware\arduino\cores\arduino" /I"C:\BKPEGS\arduino-1.0.1\hardware\arduino\variants\standard" /IC:\Users\Eduardo\Desktop\Jagger\trunk\HomeAutoIno\VS\HomeAutoIno /I"C:\BKPEGS\arduino-1.0.1\libraries\Wire" /I"C:\BKPEGS\arduino-1.0.1\libraries\Wire\utility" /I"C:\BKPEGS\arduino-1.0.1\libraries\RTClib" /I"C:\BKPEGS\arduino-1.0.1\libraries\RTClib\utility" /I"C:\BKPEGS\arduino-1.0.1\libraries\EEPROM" /I"C:\BKPEGS\arduino-1.0.1\libraries\EEPROM\utility" /I"C:\BKPEGS\arduino-1.0.1\libraries\arduino_uip" /I"C:\BKPEGS\arduino-1.0.1\libraries\arduino_uip\utility" /I"C:\BKPEGS\arduino-1.0.1\libraries" /I"C:\BKPEGS\arduino-1.0.1\hardware\arduino\libraries" /I"C:\Program Files (x86)\Visual Micro\Visual Micro for Arduino\Micro Platforms\default\debuggers" /IC:\Users\Eduardo\Documents\Arduino\libraries /I"c:\bkpegs\arduino-1.0.1\hardware\tools\avr\avr\include\\" /I"c:\bkpegs\arduino-1.0.1\hardware\tools\avr\avr\include\avr\\" /I"c:\bkpegs\arduino-1.0.1\hardware\tools\avr\avr\\" /I"c:\bkpegs\arduino-1.0.1\hardware\tools\avr\lib\gcc\avr\4.3.2\include\\" /ZI /nologo /W3 /WX- /sdl /Od /Oy- /D __AVR_ATmega328p__ /D __AVR_ATmega328P__ /D ARDUINO=101 /D ARDUINO_MAIN /D __AVR__ /D __avr__ /D F_CPU=16000000L /D __cplusplus /D GCC_VERSION=40302 /D ARDUINO_ARCH_AVR /D ARDUINO_AVR_UNO /D _MBCS /X /Gm /EHsc /RTC1 /MDd /GS /fp:precise /Zc:wchar_t /Zc:forScope /Zc:inline /Fo"Debug\\" /Fd"Debug\vc140.pdb" /Gd /TP /FI"C:\Users\Eduardo\Desktop\Jagger\trunk\HomeAutoIno\VS\HomeAutoIno\Visual Micro\.HomeAutoIno.vsarduino.h" /analyze- /errorReport:prompt "..\..\..\..\..\..\..\..\BKPEGS\arduino-1.0.1\hardware\arduino\cores\arduino\CDC.cpp" "..\..\..\..\..\..\..\..\BKPEGS\arduino-1.0.1\hardware\arduino\cores\arduino\HardwareSerial.cpp" "..\..\..\..\..\..\..\..\BKPEGS\arduino-1.0.1\hardware\arduino\cores\arduino\HID.cpp" "..\..\..\..\..\..\..\..\BKPEGS\arduino-1.0.1\hardware\arduino\cores\arduino\IPAddress.cpp" "..\..\..\..\..\..\..\..\BKPEGS\arduino-1.0.1\hardware\arduino\cores\arduino\main.cpp" "..\..\..\..\..\..\..\..\BKPEGS\arduino-1.0.1\hardware\arduino\cores\arduino\new.cpp" "..\..\..\..\..\..\..\..\BKPEGS\arduino-1.0.1\hardware\arduino\cores\arduino\Print.cpp" "..\..\..\..\..\..\..\..\BKPEGS\arduino-1.0.1\hardware\arduino\cores\arduino\Stream.cpp" "..\..\..\..\..\..\..\..\BKPEGS\arduino-1.0.1\hardware\arduino\cores\arduino\Tone.cpp" "..\..\..\..\..\..\..\..\BKPEGS\arduino-1.0.1\hardware\arduino\cores\arduino\USBCore.cpp" "..\..\..\..\..\..\..\..\BKPEGS\arduino-1.0.1\hardware\arduino\cores\arduino\WMath.cpp" "..\..\..\..\..\..\..\..\BKPEGS\arduino-1.0.1\hardware\arduino\cores\arduino\WString.cpp" "..\..\..\..\..\..\..\..\BKPEGS\arduino-1.0.1\libraries\arduino_uip\Dhcp.cpp" "..\..\..\..\..\..\..\..\BKPEGS\arduino-1.0.1\libraries\arduino_uip\Dns.cpp" "..\..\..\..\..\..\..\..\BKPEGS\arduino-1.0.1\libraries\arduino_uip\UIPClient.cpp" "..\..\..\..\..\..\..\..\BKPEGS\arduino-1.0.1\libraries\arduino_uip\UIPEthernet.cpp" "..\..\..\..\..\..\..\..\BKPEGS\arduino-1.0.1\libraries\arduino_uip\UIPServer.cpp" "..\..\..\..\..\..\..\..\BKPEGS\arduino-1.0.1\libraries\arduino_uip\UIPUdp.cpp" "..\..\..\..\..\..\..\..\BKPEGS\arduino-1.0.1\libraries\arduino_uip\utility\Enc28J60Network.cpp" "..\..\..\..\..\..\..\..\BKPEGS\arduino-1.0.1\libraries\arduino_uip\utility\mempool.cpp" "..\..\..\..\..\..\..\..\BKPEGS\arduino-1.0.1\libraries\arduino_uip\utility\uip_debug.cpp" "..\..\..\..\..\..\..\..\BKPEGS\arduino-1.0.1\libraries\EEPROM\EEPROM.cpp" "..\..\..\..\..\..\..\..\BKPEGS\arduino-1.0.1\libraries\MemoryFree\MemoryFree.cpp" "..\..\..\..\..\..\..\..\BKPEGS\arduino-1.0.1\libraries\RTClib\RTClib.cpp" "..\..\..\..\..\..\..\..\BKPEGS\arduino-1.0.1\libraries\Wire\Wire.cpp"
         Wire.cpp
     1>c1xx : warning C4117: macro name '__cplusplus' is reserved, '#define' ignored
     1>c1xx : fatal error C1083: Cannot open source file: '..\..\..\..\..\..\..\..\BKPEGS\arduino-1.0.1\libraries\Wire\Wire.cpp': No such file or directory
         RTClib.cpp
     1>c1xx : warning C4117: macro name '__cplusplus' is reserved, '#define' ignored
     1>c1xx : fatal error C1083: Cannot open source file: '..\..\..\..\..\..\..\..\BKPEGS\arduino-1.0.1\libraries\RTClib\RTClib.cpp': No such file or directory
         MemoryFree.cpp
     1>c1xx : warning C4117: macro name '__cplusplus' is reserved, '#define' ignored
     1>c1xx : fatal error C1083: Cannot open source file: '..\..\..\..\..\..\..\..\BKPEGS\arduino-1.0.1\libraries\MemoryFree\MemoryFree.cpp': No such file or directory
         EEPROM.cpp
     1>c1xx : warning C4117: macro name '__cplusplus' is reserved, '#define' ignored
     1>c1xx : fatal error C1083: Cannot open source file: '..\..\..\..\..\..\..\..\BKPEGS\arduino-1.0.1\libraries\EEPROM\EEPROM.cpp': No such file or directory
         uip_debug.cpp
     1>c1xx : warning C4117: macro name '__cplusplus' is reserved, '#define' ignored
     1>c1xx : fatal error C1083: Cannot open source file: '..\..\..\..\..\..\..\..\BKPEGS\arduino-1.0.1\libraries\arduino_uip\utility\uip_debug.cpp': No such file or directory
         mempool.cpp
     1>c1xx : warning C4117: macro name '__cplusplus' is reserved, '#define' ignored
     1>c1xx : fatal error C1083: Cannot open source file: '..\..\..\..\..\..\..\..\BKPEGS\arduino-1.0.1\libraries\arduino_uip\utility\mempool.cpp': No such file or directory
         Enc28J60Network.cpp
     1>c1xx : warning C4117: macro name '__cplusplus' is reserved, '#define' ignored
     1>c1xx : fatal error C1083: Cannot open source file: '..\..\..\..\..\..\..\..\BKPEGS\arduino-1.0.1\libraries\arduino_uip\utility\Enc28J60Network.cpp': No such file or directory
         UIPUdp.cpp
     1>c1xx : warning C4117: macro name '__cplusplus' is reserved, '#define' ignored
     1>c1xx : fatal error C1083: Cannot open source file: '..\..\..\..\..\..\..\..\BKPEGS\arduino-1.0.1\libraries\arduino_uip\UIPUdp.cpp': No such file or directory
         UIPServer.cpp
     1>c1xx : warning C4117: macro name '__cplusplus' is reserved, '#define' ignored
     1>c1xx : fatal error C1083: Cannot open source file: '..\..\..\..\..\..\..\..\BKPEGS\arduino-1.0.1\libraries\arduino_uip\UIPServer.cpp': No such file or directory
         UIPEthernet.cpp
     1>c1xx : warning C4117: macro name '__cplusplus' is reserved, '#define' ignored
     1>c1xx : fatal error C1083: Cannot open source file: '..\..\..\..\..\..\..\..\BKPEGS\arduino-1.0.1\libraries\arduino_uip\UIPEthernet.cpp': No such file or directory
         UIPClient.cpp
     1>c1xx : warning C4117: macro name '__cplusplus' is reserved, '#define' ignored
     1>c1xx : fatal error C1083: Cannot open source file: '..\..\..\..\..\..\..\..\BKPEGS\arduino-1.0.1\libraries\arduino_uip\UIPClient.cpp': No such file or directory
         Dns.cpp
     1>c1xx : warning C4117: macro name '__cplusplus' is reserved, '#define' ignored
     1>c1xx : fatal error C1083: Cannot open source file: '..\..\..\..\..\..\..\..\BKPEGS\arduino-1.0.1\libraries\arduino_uip\Dns.cpp': No such file or directory
         Dhcp.cpp
     1>c1xx : warning C4117: macro name '__cplusplus' is reserved, '#define' ignored
     1>c1xx : fatal error C1083: Cannot open source file: '..\..\..\..\..\..\..\..\BKPEGS\arduino-1.0.1\libraries\arduino_uip\Dhcp.cpp': No such file or directory
         WString.cpp
     1>c1xx : warning C4117: macro name '__cplusplus' is reserved, '#define' ignored
     1>c1xx : fatal error C1083: Cannot open source file: '..\..\..\..\..\..\..\..\BKPEGS\arduino-1.0.1\hardware\arduino\cores\arduino\WString.cpp': No such file or directory
         WMath.cpp
     1>c1xx : warning C4117: macro name '__cplusplus' is reserved, '#define' ignored
     1>c1xx : fatal error C1083: Cannot open source file: '..\..\..\..\..\..\..\..\BKPEGS\arduino-1.0.1\hardware\arduino\cores\arduino\WMath.cpp': No such file or directory
         USBCore.cpp
     1>c1xx : warning C4117: macro name '__cplusplus' is reserved, '#define' ignored
     1>c1xx : fatal error C1083: Cannot open source file: '..\..\..\..\..\..\..\..\BKPEGS\arduino-1.0.1\hardware\arduino\cores\arduino\USBCore.cpp': No such file or directory
         Tone.cpp
     1>c1xx : warning C4117: macro name '__cplusplus' is reserved, '#define' ignored
     1>c1xx : fatal error C1083: Cannot open source file: '..\..\..\..\..\..\..\..\BKPEGS\arduino-1.0.1\hardware\arduino\cores\arduino\Tone.cpp': No such file or directory
         Stream.cpp
     1>c1xx : warning C4117: macro name '__cplusplus' is reserved, '#define' ignored
     1>c1xx : fatal error C1083: Cannot open source file: '..\..\..\..\..\..\..\..\BKPEGS\arduino-1.0.1\hardware\arduino\cores\arduino\Stream.cpp': No such file or directory
         Print.cpp
     1>c1xx : warning C4117: macro name '__cplusplus' is reserved, '#define' ignored
     1>c1xx : fatal error C1083: Cannot open source file: '..\..\..\..\..\..\..\..\BKPEGS\arduino-1.0.1\hardware\arduino\cores\arduino\Print.cpp': No such file or directory
         new.cpp
     1>c1xx : warning C4117: macro name '__cplusplus' is reserved, '#define' ignored
     1>c1xx : fatal error C1083: Cannot open source file: '..\..\..\..\..\..\..\..\BKPEGS\arduino-1.0.1\hardware\arduino\cores\arduino\new.cpp': No such file or directory
         Generating Code...
         Compiling...
         main.cpp
     1>c1xx : warning C4117: macro name '__cplusplus' is reserved, '#define' ignored
     1>c1xx : fatal error C1083: Cannot open source file: '..\..\..\..\..\..\..\..\BKPEGS\arduino-1.0.1\hardware\arduino\cores\arduino\main.cpp': No such file or directory
         IPAddress.cpp
     1>c1xx : warning C4117: macro name '__cplusplus' is reserved, '#define' ignored
     1>c1xx : fatal error C1083: Cannot open source file: '..\..\..\..\..\..\..\..\BKPEGS\arduino-1.0.1\hardware\arduino\cores\arduino\IPAddress.cpp': No such file or directory
         HID.cpp
     1>c1xx : warning C4117: macro name '__cplusplus' is reserved, '#define' ignored
     1>c1xx : fatal error C1083: Cannot open source file: '..\..\..\..\..\..\..\..\BKPEGS\arduino-1.0.1\hardware\arduino\cores\arduino\HID.cpp': No such file or directory
         HardwareSerial.cpp
     1>c1xx : warning C4117: macro name '__cplusplus' is reserved, '#define' ignored
     1>c1xx : fatal error C1083: Cannot open source file: '..\..\..\..\..\..\..\..\BKPEGS\arduino-1.0.1\hardware\arduino\cores\arduino\HardwareSerial.cpp': No such file or directory
         CDC.cpp
     1>c1xx : warning C4117: macro name '__cplusplus' is reserved, '#define' ignored
     1>c1xx : fatal error C1083: Cannot open source file: '..\..\..\..\..\..\..\..\BKPEGS\arduino-1.0.1\hardware\arduino\cores\arduino\CDC.cpp': No such file or directory
         Generating Code...
     1>Done Building Project "C:\Users\Eduardo\Desktop\Jagger\trunk\HomeAutoIno\VS\HomeAutoIno\HomeAutoIno.vcxproj" (Build target(s)) -- FAILED.

Build FAILED.

Time Elapsed 00:00:04.39
